<?xml version="1.0" encoding="UTF-8"?>
<testsuite xmlns:xsi="http://www.w3.org/2001/XMLSchema-instance" xsi:noNamespaceSchemaLocation="https://maven.apache.org/surefire/maven-surefire-plugin/xsd/surefire-test-report.xsd" name="de.dillinger.stw.azubi.lennart.AppTest" time="0.045" tests="1" errors="0" skipped="0" failures="0">
  <properties>
    <property name="user.variant" value=""/>
    <property name="java.vm.info" value="mixed mode"/>
    <property name="file.encoding.pkg" value="sun.io"/>
    <property name="file.encoding" value="Cp1252"/>
    <property name="java.specification.name" value="Java Platform API Specification"/>
    <property name="sun.os.patch.level" value=""/>
    <property name="user.dir" value="C:\CI-CD-Projekt-gitHub"/>
    <property name="line.separator" value="&#10;"/>
    <property name="java.home" value="C:\SEUIDE\software\jdk-1.7.0u80\jre"/>
    <property name="user.name" value="di39915"/>
    <property name="sun.boot.library.path" value="C:\SEUIDE\software\jdk-1.7.0u80\jre\bin"/>
    <property name="user.home" value="C:\Users\di39915"/>
    <property name="localRepository" value="C:\SEUIDE\codebase\mavenRepository"/>
    <property name="sun.java.launcher" value="SUN_STANDARD"/>
    <property name="java.class.version" value="51.0"/>
    <property name="user.language" value="de"/>
    <property name="java.vendor.url.bug" value="http://bugreport.sun.com/bugreport/"/>
    <property name="sun.jnu.encoding" value="Cp1252"/>
    <property name="java.io.tmpdir" value="C:\Users\di39915\AppData\Local\Temp\"/>
    <property name="java.specification.vendor" value="Oracle Corporation"/>
    <property name="file.separator" value="\"/>
    <property name="java.class.path" value="C:\CI-CD-Projekt-gitHub\target\test-classes;C:\CI-CD-Projekt-gitHub\target\classes;C:\SEUIDE\codebase\mavenRepository\junit\junit\4.11\junit-4.11.jar;C:\SEUIDE\codebase\mavenRepository\org\hamcrest\hamcrest-core\1.3\hamcrest-core-1.3.jar;"/>
    <property name="java.vm.vendor" value="Oracle Corporation"/>
    <property name="sun.cpu.endian" value="little"/>
    <property name="java.vm.specification.vendor" value="Oracle Corporation"/>
    <property name="java.specification.version" value="1.7"/>
    <property name="user.script" value=""/>
    <property name="awt.toolkit" value="sun.awt.windows.WToolkit"/>
    <property name="sun.java.command" value="C:\Users\di39915\AppData\Local\Temp\surefire7641796899958970524\surefirebooter428196062865674123.jar C:\Users\di39915\AppData\Local\Temp\surefire7641796899958970524 2020-03-13T10-55-09_818-jvmRun1 surefire3692986246612564224tmp surefire_05683916629622216997tmp"/>
    <property name="user.timezone" value="Europe/Berlin"/>
    <property name="surefire.test.class.path" value="C:\CI-CD-Projekt-gitHub\target\test-classes;C:\CI-CD-Projekt-gitHub\target\classes;C:\SEUIDE\codebase\mavenRepository\junit\junit\4.11\junit-4.11.jar;C:\SEUIDE\codebase\mavenRepository\org\hamcrest\hamcrest-core\1.3\hamcrest-core-1.3.jar;"/>
    <property name="java.runtime.version" value="1.7.0_80-b15"/>
    <property name="java.vendor" value="Oracle Corporation"/>
    <property name="sun.management.compiler" value="HotSpot 64-Bit Tiered Compilers"/>
    <property name="sun.arch.data.model" value="64"/>
    <property name="os.arch" value="amd64"/>
    <property name="sun.io.unicode.encoding" value="UnicodeLittle"/>
    <property name="java.awt.printerjob" value="sun.awt.windows.WPrinterJob"/>
    <property name="path.separator" value=";"/>
    <property name="java.runtime.name" value="Java(TM) SE Runtime Environment"/>
    <property name="java.vendor.url" value="http://java.oracle.com/"/>
    <property name="sun.boot.class.path" value="C:\SEUIDE\software\jdk-1.7.0u80\jre\lib\resources.jar;C:\SEUIDE\software\jdk-1.7.0u80\jre\lib\rt.jar;C:\SEUIDE\software\jdk-1.7.0u80\jre\lib\sunrsasign.jar;C:\SEUIDE\software\jdk-1.7.0u80\jre\lib\jsse.jar;C:\SEUIDE\software\jdk-1.7.0u80\jre\lib\jce.jar;C:\SEUIDE\software\jdk-1.7.0u80\jre\lib\charsets.jar;C:\SEUIDE\software\jdk-1.7.0u80\jre\lib\jfr.jar;C:\SEUIDE\software\jdk-1.7.0u80\jre\classes"/>
    <property name="surefire.real.class.path" value="C:\Users\di39915\AppData\Local\Temp\surefire7641796899958970524\surefirebooter428196062865674123.jar"/>
    <property name="java.endorsed.dirs" value="C:\SEUIDE\software\jdk-1.7.0u80\jre\lib\endorsed"/>
    <property name="sun.desktop" value="windows"/>
    <property name="java.vm.version" value="24.80-b11"/>
    <property name="os.name" value="Windows 8.1"/>
    <property name="java.vm.specification.version" value="1.7"/>
    <property name="sun.cpu.isalist" value="amd64"/>
    <property name="java.version" value="1.7.0_80"/>
    <property name="java.vm.specification.name" value="Java Virtual Machine Specification"/>
    <property name="java.ext.dirs" value="C:\SEUIDE\software\jdk-1.7.0u80\jre\lib\ext;C:\Windows\Sun\Java\lib\ext"/>
    <property name="os.version" value="6.3"/>
    <property name="basedir" value="C:\CI-CD-Projekt-gitHub"/>
    <property name="java.library.path" value="C:\SEUIDE\software\jdk-1.7.0u80\jre\bin;C:\Windows\Sun\Java\bin;C:\Windows\system32;C:\Windows;C:\Program Files (x86)\Common Files\Oracle\Java\javapath;C:\Windows\system32;C:\Windows;C:\Windows\System32\Wbem;C:\Windows\System32\WindowsPowerShell\v1.0\;C:\Windows\System32\OpenSSH\;C:\Windows\SysWOW64;C:\Users\di39915\AppData\Local\Programs\Git\cmd;C:\Program Files\dotnet\;C:\Program Files\Microsoft SQL Server\130\Tools\Binn\;C:\Program Files\Microsoft SQL Server\Client SDK\ODBC\170\Tools\Binn\;C:\SEUIDE\software\ideaIU-2019.3.3\plugins\maven\lib\maven3\bin;C:\Users\di39915\AppData\Local\GitHubDesktop\bin;;."/>
    <property name="java.awt.graphicsenv" value="sun.awt.Win32GraphicsEnvironment"/>
    <property name="java.vm.name" value="Java HotSpot(TM) 64-Bit Server VM"/>
    <property name="user.country" value="DE"/>
  </properties>
  <testcase name="shouldAnswerWithTrue" classname="de.dillinger.stw.azubi.lennart.AppTest" time="0.005"/>
</testsuite>